0 info it worked if it ends with ok
1 verbose cli [ 'C:\\Program Files\\nodejs\\node.exe',
1 verbose cli   'C:\\Users\\Administrator\\AppData\\Roaming\\npm\\node_modules\\npm\\bin\\npm-cli.js',
1 verbose cli   'start' ]
2 info using npm@4.0.3
3 info using node@v7.7.3
4 verbose run-script [ 'prestart', 'start', 'poststart' ]
5 info lifecycle BluetoothControl@0.0.1~prestart: BluetoothControl@0.0.1
6 silly lifecycle BluetoothControl@0.0.1~prestart: no script for prestart, continuing
7 info lifecycle BluetoothControl@0.0.1~start: BluetoothControl@0.0.1
8 verbose lifecycle BluetoothControl@0.0.1~start: unsafe-perm in lifecycle true
9 verbose lifecycle BluetoothControl@0.0.1~start: PATH: C:\Users\Administrator\AppData\Roaming\npm\node_modules\npm\bin\node-gyp-bin;H:\Desktop\PFE\node-bt\node-btsp\node_modules\.bin;C:\ProgramData\Oracle\Java\javapath;C:\oraclexe\app\oracle\product\11.2.0\server\bin;C:\WINDOWS\system32;C:\WINDOWS;C:\WINDOWS\System32\Wbem;C:\WINDOWS\System32\WindowsPowerShell\v1.0\;C:\Program Files\Microsoft SQL Server\110\Tools\Binn\;C:\Program Files\OpenVPN\bin;c:\ant\bin;%OPENCV_DIR%\bin;C:\Program Files\Java\jdk1.8.0_101\bin;C:\Program Files (x86)\Skype\Phone\;C:\TDM-GCC-64\bin;C:\Program Files\Java\jre1.8.0_101\bin;C:\Users\Administrator\AppData\Local\Android\sdk\platform-tools;C:\Users\Administrator\AppData\Local\Android\sdk\tools;C:\Program Files\Git\mingw64\bin;C:\Program Files\apache-maven-3.3.9\apache-maven-3.3.9\bin;C:\Program Files (x86)\scala\bin;H:\Heroku\bin;C:\Program Files\MySQL\MySQL Utilities 1.6\;%MYSQL_HOME%;H:\sbt\bin;C:\Users\Administrator\activator-1.3.12\bin;C:\Users\Administrator\AppData\Roaming\npm;C:\Program Files\nodejs\;C:\Program Files (x86)\Windows Kits\10\Windows Performance Toolkit\;C:\Program Files\Git\bin;C:\Users\Administrator\AppData\Local\Android\sdk;H:\Geth\geth-alltools-windows-amd64-1.5.9-a07539fb;C:\ProgramData\Chocolatey\bin;C:\Program Files\Java\jdk1.8.0_45\bin;C:\Program Files\Java\jre1.8.0_45\bin;C:\Users\Administrator\AppData\Local\Microsoft\WindowsApps;C:\Users\Administrator\AppData\Local\Android\sdk\platform-tools;C:\Users\Administrator\AppData\Local\Android\sdk\tools;C:\Users\Administrator\AppData\Local\atom\bin;C:\Users\Administrator\AppData\Local\Google\Cloud SDK\google-cloud-sdk\bin;C:\Program Files\Git\mingw64\bin;C:\Program Files\apache-maven-3.3.9\apache-maven-3.3.9\bin;H:\Downloads\play-2.2.6\play-2.2.6;C:\Program Files\MySQL\MySQL Server 5.6\bin;C:\Users\Administrator\activator-1.3.12\bin;C:\Users\Administrator\AppData\Roaming\npm;H:\elasticsearch-5.2.2\elasticsearch-5.2.2\bin;C:\Program Files\Git\bin;C:\Users\Administrator\AppData\Local\Android\sdk;H:\Geth\geth-alltools-windows-amd64-1.5.9-a07539fb;C:\ProgramData\Chocolatey\bin
10 verbose lifecycle BluetoothControl@0.0.1~start: CWD: H:\Desktop\PFE\node-bt\node-btsp
11 silly lifecycle BluetoothControl@0.0.1~start: Args: [ '/d /s /c', 'node server.js' ]
12 silly lifecycle BluetoothControl@0.0.1~start: Returned: code: 1  signal: null
13 info lifecycle BluetoothControl@0.0.1~start: Failed to exec start script
14 verbose stack Error: BluetoothControl@0.0.1 start: `node server.js`
14 verbose stack Exit status 1
14 verbose stack     at EventEmitter.<anonymous> (C:\Users\Administrator\AppData\Roaming\npm\node_modules\npm\lib\utils\lifecycle.js:279:16)
14 verbose stack     at emitTwo (events.js:106:13)
14 verbose stack     at EventEmitter.emit (events.js:194:7)
14 verbose stack     at ChildProcess.<anonymous> (C:\Users\Administrator\AppData\Roaming\npm\node_modules\npm\lib\utils\spawn.js:40:14)
14 verbose stack     at emitTwo (events.js:106:13)
14 verbose stack     at ChildProcess.emit (events.js:194:7)
14 verbose stack     at maybeClose (internal/child_process.js:899:16)
14 verbose stack     at Process.ChildProcess._handle.onexit (internal/child_process.js:226:5)
15 verbose pkgid BluetoothControl@0.0.1
16 verbose cwd H:\Desktop\PFE\node-bt\node-btsp
17 error Windows_NT 10.0.14393
18 error argv "C:\\Program Files\\nodejs\\node.exe" "C:\\Users\\Administrator\\AppData\\Roaming\\npm\\node_modules\\npm\\bin\\npm-cli.js" "start"
19 error node v7.7.3
20 error npm  v4.0.3
21 error code ELIFECYCLE
22 error BluetoothControl@0.0.1 start: `node server.js`
22 error Exit status 1
23 error Failed at the BluetoothControl@0.0.1 start script 'node server.js'.
23 error Make sure you have the latest version of node.js and npm installed.
23 error If you do, this is most likely a problem with the BluetoothControl package,
23 error not with npm itself.
23 error Tell the author that this fails on your system:
23 error     node server.js
23 error You can get information on how to open an issue for this project with:
23 error     npm bugs BluetoothControl
23 error Or if that isn't available, you can get their info via:
23 error     npm owner ls BluetoothControl
23 error There is likely additional logging output above.
24 verbose exit [ 1, true ]
